<?xml version="1.0" encoding="utf-8"?><testsuites name="pytest tests"><testsuite name="pytest" errors="0" failures="0" skipped="0" tests="15" time="2.528" timestamp="2026-08-10T20:30:12.168371+00:00" hostname="agent-env-ee7f4fca-8a5c-4979-b7c7-bf724f8c68fd"><testcase classname="tests.test_jarvis_api" name="test_stats_system" time="0.582" /><testcase classname="tests.test_jarvis_api" name="test_stats_ai" time="0.069" /><testcase classname="tests.test_jarvis_api" name="test_commands_recent" time="0.066" /><testcase classname="tests.test_jarvis_api" name="test_commands_quick" time="0.072" /><testcase classname="tests.test_jarvis_api" name="test_logs" time="0.057" /><testcase classname="tests.test_jarvis_api" name="test_devices" time="0.057" /><testcase classname="tests.test_jarvis_api" name="test_applications" time="0.059" /><testcase classname="tests.test_jarvis_api" name="test_cyber_tools" time="0.070" /><testcase classname="tests.test_jarvis_api" name="test_gmail_status" time="0.061" /><testcase classname="tests.test_jarvis_api" name="test_whatsapp_recent" time="0.063" /><testcase classname="tests.test_jarvis_api" name="test_oauth_gmail_login_redirect" time="0.120" /><testcase classname="tests.test_jarvis_api" name="test_config_no_raw_key" time="0.061" /><testcase classname="tests.test_jarvis_api" name="test_config_put_persist" time="0.129" /><testcase classname="tests.test_jarvis_api" name="test_notes_crud" time="0.239" /><testcase classname="tests.test_jarvis_api" name="test_chat_billing_message" time="0.221" /></testsuite></testsuites>